<?xml version="1.0" encoding="utf-8"?><testsuites name="pytest tests"><testsuite name="pytest" errors="0" failures="0" skipped="0" tests="14" time="15.880" timestamp="2026-08-13T18:08:25.583213+00:00" hostname="agent-env-1fc12132-9969-42f7-a94c-b42853785457"><testcase classname="backend.tests.test_admin_gyms_and_reset.TestSuperAdminAuthAndList" name="test_super_admin_login_sets_httponly_cookie" time="0.626" /><testcase classname="backend.tests.test_admin_gyms_and_reset.TestSuperAdminAuthAndList" name="test_list_gyms_as_super_admin" time="0.486" /><testcase classname="backend.tests.test_admin_gyms_and_reset.TestCreateGym" name="test_create_gym_with_admin" time="0.359" /><testcase classname="backend.tests.test_admin_gyms_and_reset.TestCreateGym" name="test_new_admin_can_login" time="0.486" /><testcase classname="backend.tests.test_admin_gyms_and_reset.TestCreateGym" name="test_duplicate_admin_email_returns_409_no_orphan" time="0.204" /><testcase classname="backend.tests.test_admin_gyms_and_reset.TestCreateGym" name="test_get_single_gym" time="0.079" /><testcase classname="backend.tests.test_admin_gyms_and_reset.TestCreateGym" name="test_get_nonexistent_gym_404" time="0.067" /><testcase classname="backend.tests.test_admin_gyms_and_reset.TestCreateGym" name="test_patch_gym_updates_fields" time="0.067" /><testcase classname="backend.tests.test_admin_gyms_and_reset.TestCreateGym" name="test_suspend_and_reactivate_status" time="0.159" /><testcase classname="backend.tests.test_admin_gyms_and_reset.TestAuthorization" name="test_gym_admin_forbidden" time="0.529" /><testcase classname="backend.tests.test_admin_gyms_and_reset.TestAuthorization" name="test_unauthenticated_401" time="0.143" /><testcase classname="backend.tests.test_admin_gyms_and_reset.TestForgotResetPassword" name="test_forgot_password_valid_email_generic_200" time="0.136" /><testcase classname="backend.tests.test_admin_gyms_and_reset.TestForgotResetPassword" name="test_forgot_password_nonexistent_email_same_response" time="0.267" /><testcase classname="backend.tests.test_admin_gyms_and_reset.TestForgotResetPassword" name="test_reset_password_full_flow" time="12.196" /></testsuite></testsuites>